cleared the screen
spawned piece no 0x1
moving a piece one tick
clearing the color for loc: 0x50x0
clearing the color for loc: 0x50x1
clearing the color for loc: 0x40x2
clearing the color for loc: 0x50x2
(mask: 0x1) setting the color: 0x20 for loc: 0x50x1
(mask: 0xFFFFFF81) setting the color: 0x20 for loc: 0x50x2
(mask: 0x1) setting the color: 0x20 for loc: 0x40x3
(mask: 0x1) setting the color: 0x20 for loc: 0x50x3
printed the grid
moving a piece one tick
clearing the color for loc: 0x50x1
clearing the color for loc: 0x50x2
clearing the color for loc: 0x40x3
clearing the color for loc: 0x50x3
(mask: 0x1) setting the color: 0x20 for loc: 0x50x2
(mask: 0xFFFFFF81) setting the color: 0x20 for loc: 0x50x3
(mask: 0x1) setting the color: 0x20 for loc: 0x40x4
(mask: 0x1) setting the color: 0x20 for loc: 0x50x4
printed the grid
moving a piece one tick
clearing the color for loc: 0x50x2
clearing the color for loc: 0x50x3
clearing the color for loc: 0x40x4
clearing the color for loc: 0x50x4
(mask: 0x1) setting the color: 0x20 for loc: 0x50x3
(mask: 0xFFFFFF81) setting the color: 0x20 for loc: 0x50x4
(mask: 0x1) setting the color: 0x20 for loc: 0x40x5
(mask: 0x1) setting the color: 0x20 for loc: 0x50x5
printed the grid
moving a piece one tick
clearing the color for loc: 0x50x3
clearing the color for loc: 0x50x4
clearing the color for loc: 0x40x5
clearing the color for loc: 0x50x5
(mask: 0x1) setting the color: 0x20 for loc: 0x50x4
(mask: 0xFFFFFF81) setting the color: 0x20 for loc: 0x50x5
(mask: 0x1) setting the color: 0x20 for loc: 0x40x6
(mask: 0x1) setting the color: 0x20 for loc: 0x50x6
printed the grid
moving a piece one tick
clearing the color for loc: 0x50x4
clearing the color for loc: 0x50x5
clearing the color for loc: 0x40x6
clearing the color for loc: 0x50x6
(mask: 0x1) setting the color: 0x20 for loc: 0x50x5
(mask: 0xFFFFFF81) setting the color: 0x20 for loc: 0x50x6
(mask: 0x1) setting the color: 0x20 for loc: 0x40x7
(mask: 0x1) setting the color: 0x20 for loc: 0x50x7
printed the grid
moving a piece one tick
clearing the color for loc: 0x50x5
clearing the color for loc: 0x50x6
clearing the color for loc: 0x40x7
clearing the color for loc: 0x50x7
(mask: 0x1) setting the color: 0x20 for loc: 0x50x6
(mask: 0xFFFFFF81) setting the color: 0x20 for loc: 0x50x7
(mask: 0x1) setting the color: 0x20 for loc: 0x40x8
(mask: 0x1) setting the color: 0x20 for loc: 0x50x8
printed the grid
moving a piece one tick
clearing the color for loc: 0x50x6
clearing the color for loc: 0x50x7
clearing the color for loc: 0x40x8
clearing the color for loc: 0x50x8
(mask: 0x1) setting the color: 0x20 for loc: 0x50x7
(mask: 0xFFFFFF81) setting the color: 0x20 for loc: 0x50x8
(mask: 0x1) setting the color: 0x20 for loc: 0x40x9
(mask: 0x1) setting the color: 0x20 for loc: 0x50x9
printed the grid
moving a piece one tick
clearing the color for loc: 0x50x7
clearing the color for loc: 0x50x8
clearing the color for loc: 0x40x9
clearing the color for loc: 0x50x9
(mask: 0x1) setting the color: 0x20 for loc: 0x50x8
(mask: 0xFFFFFF81) setting the color: 0x20 for loc: 0x50x9
(mask: 0x1) setting the color: 0x20 for loc: 0x40xA
(mask: 0x1) setting the color: 0x20 for loc: 0x50xA
printed the grid
moving a piece one tick
clearing the color for loc: 0x50x8
clearing the color for loc: 0x50x9
clearing the color for loc: 0x40xA
clearing the color for loc: 0x50xA
(mask: 0x1) setting the color: 0x20 for loc: 0x50x9
(mask: 0xFFFFFF81) setting the color: 0x20 for loc: 0x50xA
(mask: 0x1) setting the color: 0x20 for loc: 0x40xB
(mask: 0x1) setting the color: 0x20 for loc: 0x50xB
printed the grid
moving a piece one tick
clearing the color for loc: 0x50x9
clearing the color for loc: 0x50xA
clearing the color for loc: 0x40xB
clearing the color for loc: 0x50xB
(mask: 0x1) setting the color: 0x20 for loc: 0x50xA
(mask: 0xFFFFFF81) setting the color: 0x20 for loc: 0x50xB
(mask: 0x1) setting the color: 0x20 for loc: 0x40xC
(mask: 0x1) setting the color: 0x20 for loc: 0x50xC
printed the grid
moving a piece one tick
clearing the color for loc: 0x50xA
clearing the color for loc: 0x50xB
clearing the color for loc: 0x40xC
clearing the color for loc: 0x50xC
(mask: 0x1) setting the color: 0x20 for loc: 0x50xB
(mask: 0xFFFFFF81) setting the color: 0x20 for loc: 0x50xC
(mask: 0x1) setting the color: 0x20 for loc: 0x40xD
(mask: 0x1) setting the color: 0x20 for loc: 0x50xD
printed the grid
moving a piece one tick
clearing the color for loc: 0x50xB
clearing the color for loc: 0x50xC
clearing the color for loc: 0x40xD
clearing the color for loc: 0x50xD
(mask: 0x1) setting the color: 0x20 for loc: 0x50xC
(mask: 0xFFFFFF81) setting the color: 0x20 for loc: 0x50xD
(mask: 0x1) setting the color: 0x20 for loc: 0x40xE
(mask: 0x1) setting the color: 0x20 for loc: 0x50xE
printed the grid
moving a piece one tick
clearing the color for loc: 0x50xC
clearing the color for loc: 0x50xD
clearing the color for loc: 0x40xE
clearing the color for loc: 0x50xE
(mask: 0x1) setting the color: 0x20 for loc: 0x50xD
(mask: 0xFFFFFF81) setting the color: 0x20 for loc: 0x50xE
(mask: 0x1) setting the color: 0x20 for loc: 0x40xF
(mask: 0x1) setting the color: 0x20 for loc: 0x50xF
printed the grid
moving a piece one tick
clearing the color for loc: 0x50xD
clearing the color for loc: 0x50xE
clearing the color for loc: 0x40xF
clearing the color for loc: 0x50xF
(mask: 0x1) setting the color: 0x20 for loc: 0x50xE
(mask: 0xFFFFFF81) setting the color: 0x20 for loc: 0x50xF
(mask: 0x1) setting the color: 0x20 for loc: 0x40x10
(mask: 0x1) setting the color: 0x20 for loc: 0x50x10
printed the grid
moving a piece one tick
clearing the color for loc: 0x50xE
clearing the color for loc: 0x50xF
clearing the color for loc: 0x40x10
clearing the color for loc: 0x50x10
(mask: 0x1) setting the color: 0x20 for loc: 0x50xF
(mask: 0xFFFFFF81) setting the color: 0x20 for loc: 0x50x10
(mask: 0x1) setting the color: 0x20 for loc: 0x40x11
(mask: 0x1) setting the color: 0x20 for loc: 0x50x11
printed the grid
moving a piece one tick
clearing the color for loc: 0x50xF
clearing the color for loc: 0x50x10
clearing the color for loc: 0x40x11
clearing the color for loc: 0x50x11
(mask: 0x1) setting the color: 0x20 for loc: 0x50x10
(mask: 0xFFFFFF81) setting the color: 0x20 for loc: 0x50x11
(mask: 0x1) setting the color: 0x20 for loc: 0x40x12
(mask: 0x1) setting the color: 0x20 for loc: 0x50x12
printed the grid
moving a piece one tick
clearing the color for loc: 0x50x10
clearing the color for loc: 0x50x11
clearing the color for loc: 0x40x12
clearing the color for loc: 0x50x12
(mask: 0x1) setting the color: 0x20 for loc: 0x50x11
(mask: 0xFFFFFF81) setting the color: 0x20 for loc: 0x50x12
(mask: 0x1) setting the color: 0x20 for loc: 0x40x13
(mask: 0x1) setting the color: 0x20 for loc: 0x50x13
printed the grid
cementing a piece in place
printed the grid
spawned piece no 0x2
moving a piece one tick
clearing the color for loc: 0x50x0
clearing the color for loc: 0x40x1
clearing the color for loc: 0x50x1
clearing the color for loc: 0x60x1
(mask: 0x2) setting the color: 0x50 for loc: 0x50x1
(mask: 0x2) setting the color: 0x50 for loc: 0x40x2
(mask: 0xFFFFFF82) setting the color: 0x50 for loc: 0x50x2
(mask: 0x2) setting the color: 0x50 for loc: 0x60x2
printed the grid
moving a piece one tick
clearing the color for loc: 0x50x1
clearing the color for loc: 0x40x2
clearing the color for loc: 0x50x2
clearing the color for loc: 0x60x2
(mask: 0x2) setting the color: 0x50 for loc: 0x50x2
(mask: 0x2) setting the color: 0x50 for loc: 0x40x3
(mask: 0xFFFFFF82) setting the color: 0x50 for loc: 0x50x3
(mask: 0x2) setting the color: 0x50 for loc: 0x60x3
printed the grid
moving a piece one tick
clearing the color for loc: 0x50x2
clearing the color for loc: 0x40x3
clearing the color for loc: 0x50x3
clearing the color for loc: 0x60x3
(mask: 0x2) setting the color: 0x50 for loc: 0x50x3
(mask: 0x2) setting the color: 0x50 for loc: 0x40x4
(mask: 0xFFFFFF82) setting the color: 0x50 for loc: 0x50x4
(mask: 0x2) setting the color: 0x50 for loc: 0x60x4
printed the grid
moving a piece one tick
clearing the color for loc: 0x50x3
clearing the color for loc: 0x40x4
clearing the color for loc: 0x50x4
clearing the color for loc: 0x60x4
(mask: 0x2) setting the color: 0x50 for loc: 0x50x4
(mask: 0x2) setting the color: 0x50 for loc: 0x40x5
(mask: 0xFFFFFF82) setting the color: 0x50 for loc: 0x50x5
(mask: 0x2) setting the color: 0x50 for loc: 0x60x5
printed the grid
moving a piece one tick
clearing the color for loc: 0x50x4
clearing the color for loc: 0x40x5
clearing the color for loc: 0x50x5
clearing the color for loc: 0x60x5
(mask: 0x2) setting the color: 0x50 for loc: 0x50x5
(mask: 0x2) setting the color: 0x50 for loc: 0x40x6
(mask: 0xFFFFFF82) setting the color: 0x50 for loc: 0x50x6
(mask: 0x2) setting the color: 0x50 for loc: 0x60x6
printed the grid
moving a piece one tick
clearing the color for loc: 0x50x5
clearing the color for loc: 0x40x6
clearing the color for loc: 0x50x6
clearing the color for loc: 0x60x6
(mask: 0x2) setting the color: 0x50 for loc: 0x50x6
(mask: 0x2) setting the color: 0x50 for loc: 0x40x7
(mask: 0xFFFFFF82) setting the color: 0x50 for loc: 0x50x7
(mask: 0x2) setting the color: 0x50 for loc: 0x60x7
printed the grid
moving a piece one tick
clearing the color for loc: 0x50x6
clearing the color for loc: 0x40x7
clearing the color for loc: 0x50x7
clearing the color for loc: 0x60x7
(mask: 0x2) setting the color: 0x50 for loc: 0x50x7
(mask: 0x2) setting the color: 0x50 for loc: 0x40x8
(mask: 0xFFFFFF82) setting the color: 0x50 for loc: 0x50x8
(mask: 0x2) setting the color: 0x50 for loc: 0x60x8
printed the grid
moving a piece one tick
clearing the color for loc: 0x50x7
clearing the color for loc: 0x40x8
clearing the color for loc: 0x50x8
clearing the color for loc: 0x60x8
(mask: 0x2) setting the color: 0x50 for loc: 0x50x8
(mask: 0x2) setting the color: 0x50 for loc: 0x40x9
(mask: 0xFFFFFF82) setting the color: 0x50 for loc: 0x50x9
(mask: 0x2) setting the color: 0x50 for loc: 0x60x9
printed the grid
moving a piece one tick
clearing the color for loc: 0x50x8
clearing the color for loc: 0x40x9
clearing the color for loc: 0x50x9
clearing the color for loc: 0x60x9
(mask: 0x2) setting the color: 0x50 for loc: 0x50x9
(mask: 0x2) setting the color: 0x50 for loc: 0x40xA
(mask: 0xFFFFFF82) setting the color: 0x50 for loc: 0x50xA
(mask: 0x2) setting the color: 0x50 for loc: 0x60xA
printed the grid
moving a piece one tick
clearing the color for loc: 0x50x9
clearing the color for loc: 0x40xA
clearing the color for loc: 0x50xA
clearing the color for loc: 0x60xA
(mask: 0x2) setting the color: 0x50 for loc: 0x50xA
(mask: 0x2) setting the color: 0x50 for loc: 0x40xB
(mask: 0xFFFFFF82) setting the color: 0x50 for loc: 0x50xB
(mask: 0x2) setting the color: 0x50 for loc: 0x60xB
printed the grid
moving a piece one tick
clearing the color for loc: 0x50xA
clearing the color for loc: 0x40xB
clearing the color for loc: 0x50xB
clearing the color for loc: 0x60xB
(mask: 0x2) setting the color: 0x50 for loc: 0x50xB
(mask: 0x2) setting the color: 0x50 for loc: 0x40xC
(mask: 0xFFFFFF82) setting the color: 0x50 for loc: 0x50xC
(mask: 0x2) setting the color: 0x50 for loc: 0x60xC
printed the grid
moving a piece one tick
clearing the color for loc: 0x50xB
clearing the color for loc: 0x40xC
clearing the color for loc: 0x50xC
clearing the color for loc: 0x60xC
(mask: 0x2) setting the color: 0x50 for loc: 0x50xC
(mask: 0x2) setting the color: 0x50 for loc: 0x40xD
(mask: 0xFFFFFF82) setting the color: 0x50 for loc: 0x50xD
(mask: 0x2) setting the color: 0x50 for loc: 0x60xD
printed the grid
moving a piece one tick
clearing the color for loc: 0x50xC
clearing the color for loc: 0x40xD
clearing the color for loc: 0x50xD
clearing the color for loc: 0x60xD
(mask: 0x2) setting the color: 0x50 for loc: 0x50xD
(mask: 0x2) setting the color: 0x50 for loc: 0x40xE
(mask: 0xFFFFFF82) setting the color: 0x50 for loc: 0x50xE
(mask: 0x2) setting the color: 0x50 for loc: 0x60xE
printed the grid
moving a piece one tick
clearing the color for loc: 0x50xD
clearing the color for loc: 0x40xE
clearing the color for loc: 0x50xE
clearing the color for loc: 0x60xE
(mask: 0x2) setting the color: 0x50 for loc: 0x50xE
(mask: 0x2) setting the color: 0x50 for loc: 0x40xF
(mask: 0xFFFFFF82) setting the color: 0x50 for loc: 0x50xF
(mask: 0x2) setting the color: 0x50 for loc: 0x60xF
printed the grid
moving a piece one tick
clearing the color for loc: 0x50xE
clearing the color for loc: 0x40xF
clearing the color for loc: 0x50xF
clearing the color for loc: 0x60xF
(mask: 0x2) setting the color: 0x50 for loc: 0x50xF
(mask: 0x2) setting the color: 0x50 for loc: 0x40x10
(mask: 0xFFFFFF82) setting the color: 0x50 for loc: 0x50x10
(mask: 0x2) setting the color: 0x50 for loc: 0x60x10
printed the grid
cementing a piece in place
printed the grid
spawned piece no 0x3
moving a piece one tick
clearing the color for loc: 0x40x0
clearing the color for loc: 0x50x0
clearing the color for loc: 0x40x1
clearing the color for loc: 0x50x1
(mask: 0x3) setting the color: 0x40 for loc: 0x40x1
(mask: 0x3) setting the color: 0x40 for loc: 0x50x1
(mask: 0x3) setting the color: 0x40 for loc: 0x40x2
(mask: 0x3) setting the color: 0x40 for loc: 0x50x2
printed the grid
moving a piece one tick
clearing the color for loc: 0x40x1
clearing the color for loc: 0x50x1
clearing the color for loc: 0x40x2
clearing the color for loc: 0x50x2
(mask: 0x3) setting the color: 0x40 for loc: 0x40x2
(mask: 0x3) setting the color: 0x40 for loc: 0x50x2
(mask: 0x3) setting the color: 0x40 for loc: 0x40x3
(mask: 0x3) setting the color: 0x40 for loc: 0x50x3
printed the grid
moving a piece one tick
clearing the color for loc: 0x40x2
clearing the color for loc: 0x50x2
clearing the color for loc: 0x40x3
clearing the color for loc: 0x50x3
(mask: 0x3) setting the color: 0x40 for loc: 0x40x3
(mask: 0x3) setting the color: 0x40 for loc: 0x50x3
(mask: 0x3) setting the color: 0x40 for loc: 0x40x4
(mask: 0x3) setting the color: 0x40 for loc: 0x50x4
printed the grid
moving a piece one tick
clearing the color for loc: 0x40x3
clearing the color for loc: 0x50x3
clearing the color for loc: 0x40x4
clearing the color for loc: 0x50x4
(mask: 0x3) setting the color: 0x40 for loc: 0x40x4
(mask: 0x3) setting the color: 0x40 for loc: 0x50x4
(mask: 0x3) setting the color: 0x40 for loc: 0x40x5
(mask: 0x3) setting the color: 0x40 for loc: 0x50x5
printed the grid
moving a piece one tick
clearing the color for loc: 0x40x4
clearing the color for loc: 0x50x4
clearing the color for loc: 0x40x5
clearing the color for loc: 0x50x5
(mask: 0x3) setting the color: 0x40 for loc: 0x40x5
(mask: 0x3) setting the color: 0x40 for loc: 0x50x5
(mask: 0x3) setting the color: 0x40 for loc: 0x40x6
(mask: 0x3) setting the color: 0x40 for loc: 0x50x6
printed the grid
moving a piece one tick
clearing the color for loc: 0x40x5
clearing the color for loc: 0x50x5
clearing the color for loc: 0x40x6
clearing the color for loc: 0x50x6
(mask: 0x3) setting the color: 0x40 for loc: 0x40x6
(mask: 0x3) setting the color: 0x40 for loc: 0x50x6
(mask: 0x3) setting the color: 0x40 for loc: 0x40x7
(mask: 0x3) setting the color: 0x40 for loc: 0x50x7
printed the grid
moving a piece one tick
clearing the color for loc: 0x40x6
clearing the color for loc: 0x50x6
clearing the color for loc: 0x40x7
clearing the color for loc: 0x50x7
(mask: 0x3) setting the color: 0x40 for loc: 0x40x7
(mask: 0x3) setting the color: 0x40 for loc: 0x50x7
(mask: 0x3) setting the color: 0x40 for loc: 0x40x8
(mask: 0x3) setting the color: 0x40 for loc: 0x50x8
printed the grid
moving a piece one tick
clearing the color for loc: 0x40x7
clearing the color for loc: 0x50x7
clearing the color for loc: 0x40x8
clearing the color for loc: 0x50x8
(mask: 0x3) setting the color: 0x40 for loc: 0x40x8
(mask: 0x3) setting the color: 0x40 for loc: 0x50x8
(mask: 0x3) setting the color: 0x40 for loc: 0x40x9
(mask: 0x3) setting the color: 0x40 for loc: 0x50x9
printed the grid
moving a piece one tick
clearing the color for loc: 0x40x8
clearing the color for loc: 0x50x8
clearing the color for loc: 0x40x9
clearing the color for loc: 0x50x9
(mask: 0x3) setting the color: 0x40 for loc: 0x40x9
(mask: 0x3) setting the color: 0x40 for loc: 0x50x9
(mask: 0x3) setting the color: 0x40 for loc: 0x40xA
(mask: 0x3) setting the color: 0x40 for loc: 0x50xA
printed the grid
moving a piece one tick
clearing the color for loc: 0x40x9
clearing the color for loc: 0x50x9
clearing the color for loc: 0x40xA
clearing the color for loc: 0x50xA
(mask: 0x3) setting the color: 0x40 for loc: 0x40xA
(mask: 0x3) setting the color: 0x40 for loc: 0x50xA
(mask: 0x3) setting the color: 0x40 for loc: 0x40xB
(mask: 0x3) setting the color: 0x40 for loc: 0x50xB
printed the grid
moving a piece one tick
clearing the color for loc: 0x40xA
clearing the color for loc: 0x50xA
clearing the color for loc: 0x40xB
clearing the color for loc: 0x50xB
(mask: 0x3) setting the color: 0x40 for loc: 0x40xB
(mask: 0x3) setting the color: 0x40 for loc: 0x50xB
(mask: 0x3) setting the color: 0x40 for loc: 0x40xC
(mask: 0x3) setting the color: 0x40 for loc: 0x50xC
printed the grid
moving a piece one tick
clearing the color for loc: 0x40xB
clearing the color for loc: 0x50xB
clearing the color for loc: 0x40xC
clearing the color for loc: 0x50xC
(mask: 0x3) setting the color: 0x40 for loc: 0x40xC
(mask: 0x3) setting the color: 0x40 for loc: 0x50xC
(mask: 0x3) setting the color: 0x40 for loc: 0x40xD
(mask: 0x3) setting the color: 0x40 for loc: 0x50xD
printed the grid
moving a piece one tick
clearing the color for loc: 0x40xC
clearing the color for loc: 0x50xC
clearing the color for loc: 0x40xD
clearing the color for loc: 0x50xD
(mask: 0x3) setting the color: 0x40 for loc: 0x40xD
(mask: 0x3) setting the color: 0x40 for loc: 0x50xD
(mask: 0x3) setting the color: 0x40 for loc: 0x40xE
(mask: 0x3) setting the color: 0x40 for loc: 0x50xE
printed the grid
cementing a piece in place
printed the grid
spawned piece no 0x4
moving a piece one tick
clearing the color for loc: 0x40x0
clearing the color for loc: 0x40x1
clearing the color for loc: 0x40x2
clearing the color for loc: 0x40x3
(mask: 0x4) setting the color: 0x30 for loc: 0x40x1
(mask: 0x4) setting the color: 0x30 for loc: 0x40x2
(mask: 0xFFFFFF84) setting the color: 0x30 for loc: 0x40x3
(mask: 0x4) setting the color: 0x30 for loc: 0x40x4
printed the grid
moving a piece one tick
clearing the color for loc: 0x40x1
clearing the color for loc: 0x40x2
clearing the color for loc: 0x40x3
clearing the color for loc: 0x40x4
(mask: 0x4) setting the color: 0x30 for loc: 0x40x2
(mask: 0x4) setting the color: 0x30 for loc: 0x40x3
(mask: 0xFFFFFF84) setting the color: 0x30 for loc: 0x40x4
(mask: 0x4) setting the color: 0x30 for loc: 0x40x5
printed the grid
moving a piece one tick
clearing the color for loc: 0x40x2
clearing the color for loc: 0x40x3
clearing the color for loc: 0x40x4
clearing the color for loc: 0x40x5
(mask: 0x4) setting the color: 0x30 for loc: 0x40x3
(mask: 0x4) setting the color: 0x30 for loc: 0x40x4
(mask: 0xFFFFFF84) setting the color: 0x30 for loc: 0x40x5
(mask: 0x4) setting the color: 0x30 for loc: 0x40x6
printed the grid
moving a piece one tick
clearing the color for loc: 0x40x3
clearing the color for loc: 0x40x4
clearing the color for loc: 0x40x5
clearing the color for loc: 0x40x6
(mask: 0x4) setting the color: 0x30 for loc: 0x40x4
(mask: 0x4) setting the color: 0x30 for loc: 0x40x5
(mask: 0xFFFFFF84) setting the color: 0x30 for loc: 0x40x6
(mask: 0x4) setting the color: 0x30 for loc: 0x40x7
printed the grid
moving a piece one tick
clearing the color for loc: 0x40x4
clearing the color for loc: 0x40x5
clearing the color for loc: 0x40x6
clearing the color for loc: 0x40x7
(mask: 0x4) setting the color: 0x30 for loc: 0x40x5
(mask: 0x4) setting the color: 0x30 for loc: 0x40x6
(mask: 0xFFFFFF84) setting the color: 0x30 for loc: 0x40x7
(mask: 0x4) setting the color: 0x30 for loc: 0x40x8
printed the grid
moving a piece one tick
clearing the color for loc: 0x40x5
clearing the color for loc: 0x40x6
clearing the color for loc: 0x40x7
clearing the color for loc: 0x40x8
(mask: 0x4) setting the color: 0x30 for loc: 0x40x6
(mask: 0x4) setting the color: 0x30 for loc: 0x40x7
(mask: 0xFFFFFF84) setting the color: 0x30 for loc: 0x40x8
(mask: 0x4) setting the color: 0x30 for loc: 0x40x9
printed the grid
moving a piece one tick
clearing the color for loc: 0x40x6
clearing the color for loc: 0x40x7
clearing the color for loc: 0x40x8
clearing the color for loc: 0x40x9
(mask: 0x4) setting the color: 0x30 for loc: 0x40x7
(mask: 0x4) setting the color: 0x30 for loc: 0x40x8
(mask: 0xFFFFFF84) setting the color: 0x30 for loc: 0x40x9
(mask: 0x4) setting the color: 0x30 for loc: 0x40xA
printed the grid
moving a piece one tick
clearing the color for loc: 0x40x7
clearing the color for loc: 0x40x8
clearing the color for loc: 0x40x9
clearing the color for loc: 0x40xA
(mask: 0x4) setting the color: 0x30 for loc: 0x40x8
(mask: 0x4) setting the color: 0x30 for loc: 0x40x9
(mask: 0xFFFFFF84) setting the color: 0x30 for loc: 0x40xA
(mask: 0x4) setting the color: 0x30 for loc: 0x40xB
printed the grid
moving a piece one tick
clearing the color for loc: 0x40x8
clearing the color for loc: 0x40x9
clearing the color for loc: 0x40xA
clearing the color for loc: 0x40xB
(mask: 0x4) setting the color: 0x30 for loc: 0x40x9
(mask: 0x4) setting the color: 0x30 for loc: 0x40xA
(mask: 0xFFFFFF84) setting the color: 0x30 for loc: 0x40xB
(mask: 0x4) setting the color: 0x30 for loc: 0x40xC
printed the grid
cementing a piece in place
printed the grid
spawned piece no 0x5
moving a piece one tick
clearing the color for loc: 0x50x0
clearing the color for loc: 0x60x0
clearing the color for loc: 0x40x1
clearing the color for loc: 0x50x1
(mask: 0x5) setting the color: 0x60 for loc: 0x50x1
(mask: 0x5) setting the color: 0x60 for loc: 0x60x1
(mask: 0x5) setting the color: 0x60 for loc: 0x40x2
(mask: 0xFFFFFF85) setting the color: 0x60 for loc: 0x50x2
printed the grid
moving a piece one tick
clearing the color for loc: 0x50x1
clearing the color for loc: 0x60x1
clearing the color for loc: 0x40x2
clearing the color for loc: 0x50x2
(mask: 0x5) setting the color: 0x60 for loc: 0x50x2
(mask: 0x5) setting the color: 0x60 for loc: 0x60x2
(mask: 0x5) setting the color: 0x60 for loc: 0x40x3
(mask: 0xFFFFFF85) setting the color: 0x60 for loc: 0x50x3
printed the grid
moving a piece one tick
clearing the color for loc: 0x50x2
clearing the color for loc: 0x60x2
clearing the color for loc: 0x40x3
clearing the color for loc: 0x50x3
(mask: 0x5) setting the color: 0x60 for loc: 0x50x3
(mask: 0x5) setting the color: 0x60 for loc: 0x60x3
(mask: 0x5) setting the color: 0x60 for loc: 0x40x4
(mask: 0xFFFFFF85) setting the color: 0x60 for loc: 0x50x4
printed the grid
moving a piece one tick
clearing the color for loc: 0x50x3
clearing the color for loc: 0x60x3
clearing the color for loc: 0x40x4
clearing the color for loc: 0x50x4
(mask: 0x5) setting the color: 0x60 for loc: 0x50x4
(mask: 0x5) setting the color: 0x60 for loc: 0x60x4
(mask: 0x5) setting the color: 0x60 for loc: 0x40x5
(mask: 0xFFFFFF85) setting the color: 0x60 for loc: 0x50x5
printed the grid
moving a piece one tick
clearing the color for loc: 0x50x4
clearing the color for loc: 0x60x4
clearing the color for loc: 0x40x5
clearing the color for loc: 0x50x5
(mask: 0x5) setting the color: 0x60 for loc: 0x50x5
(mask: 0x5) setting the color: 0x60 for loc: 0x60x5
(mask: 0x5) setting the color: 0x60 for loc: 0x40x6
(mask: 0xFFFFFF85) setting the color: 0x60 for loc: 0x50x6
printed the grid
moving a piece one tick
clearing the color for loc: 0x50x5
clearing the color for loc: 0x60x5
clearing the color for loc: 0x40x6
clearing the color for loc: 0x50x6
(mask: 0x5) setting the color: 0x60 for loc: 0x50x6
(mask: 0x5) setting the color: 0x60 for loc: 0x60x6
(mask: 0x5) setting the color: 0x60 for loc: 0x40x7
(mask: 0xFFFFFF85) setting the color: 0x60 for loc: 0x50x7
printed the grid
moving a piece one tick
clearing the color for loc: 0x50x6
clearing the color for loc: 0x60x6
clearing the color for loc: 0x40x7
clearing the color for loc: 0x50x7
(mask: 0x5) setting the color: 0x60 for loc: 0x50x7
(mask: 0x5) setting the color: 0x60 for loc: 0x60x7
(mask: 0x5) setting the color: 0x60 for loc: 0x40x8
(mask: 0xFFFFFF85) setting the color: 0x60 for loc: 0x50x8
printed the grid
cementing a piece in place
printed the grid
spawned piece no 0x6
moving a piece one tick
clearing the color for loc: 0x40x0
clearing the color for loc: 0x50x0
clearing the color for loc: 0x50x1
clearing the color for loc: 0x60x1
(mask: 0x6) setting the color: 0xFFFFFF90 for loc: 0x40x1
(mask: 0x6) setting the color: 0xFFFFFF90 for loc: 0x50x1
(mask: 0xFFFFFF86) setting the color: 0xFFFFFF90 for loc: 0x50x2
(mask: 0x6) setting the color: 0xFFFFFF90 for loc: 0x60x2
printed the grid
moving a piece one tick
clearing the color for loc: 0x40x1
clearing the color for loc: 0x50x1
clearing the color for loc: 0x50x2
clearing the color for loc: 0x60x2
(mask: 0x6) setting the color: 0xFFFFFF90 for loc: 0x40x2
(mask: 0x6) setting the color: 0xFFFFFF90 for loc: 0x50x2
(mask: 0xFFFFFF86) setting the color: 0xFFFFFF90 for loc: 0x50x3
(mask: 0x6) setting the color: 0xFFFFFF90 for loc: 0x60x3
printed the grid
moving a piece one tick
clearing the color for loc: 0x40x2
clearing the color for loc: 0x50x2
clearing the color for loc: 0x50x3
clearing the color for loc: 0x60x3
(mask: 0x6) setting the color: 0xFFFFFF90 for loc: 0x40x3
(mask: 0x6) setting the color: 0xFFFFFF90 for loc: 0x50x3
(mask: 0xFFFFFF86) setting the color: 0xFFFFFF90 for loc: 0x50x4
(mask: 0x6) setting the color: 0xFFFFFF90 for loc: 0x60x4
printed the grid
moving a piece one tick
clearing the color for loc: 0x40x3
clearing the color for loc: 0x50x3
clearing the color for loc: 0x50x4
clearing the color for loc: 0x60x4
(mask: 0x6) setting the color: 0xFFFFFF90 for loc: 0x40x4
(mask: 0x6) setting the color: 0xFFFFFF90 for loc: 0x50x4
(mask: 0xFFFFFF86) setting the color: 0xFFFFFF90 for loc: 0x50x5
(mask: 0x6) setting the color: 0xFFFFFF90 for loc: 0x60x5
printed the grid
moving a piece one tick
clearing the color for loc: 0x40x4
clearing the color for loc: 0x50x4
clearing the color for loc: 0x50x5
clearing the color for loc: 0x60x5
(mask: 0x6) setting the color: 0xFFFFFF90 for loc: 0x40x5
(mask: 0x6) setting the color: 0xFFFFFF90 for loc: 0x50x5
(mask: 0xFFFFFF86) setting the color: 0xFFFFFF90 for loc: 0x50x6
(mask: 0x6) setting the color: 0xFFFFFF90 for loc: 0x60x6
printed the grid
cementing a piece in place
printed the grid
spawned piece no 0x0
moving a piece one tick
clearing the color for loc: 0x40x1
(mask: 0xFFFFFF80) setting the color: 0x10 for loc: 0x40x2
printed the grid
moving a piece one tick
clearing the color for loc: 0x40x2
(mask: 0xFFFFFF80) setting the color: 0x10 for loc: 0x40x3
printed the grid
moving a piece one tick
clearing the color for loc: 0x40x3
(mask: 0xFFFFFF80) setting the color: 0x10 for loc: 0x40x4
printed the grid
